<?xml version="1.0" encoding="UTF-8"?>
<!-- Generated by org.testng.reporters.JUnitReportReporter -->
<testsuite hostname="LAPTOP-0GFUST29" failures="0" tests="1" name="testcases.CreateEmployee_03" time="2.938" errors="0" timestamp="2024-02-18T00:24:59 IST" skipped="0">
  <testcase classname="testcases.CreateEmployee_03" name="CreateEmployee" time="2.938"/>
  <system-out/>
</testsuite> <!-- testcases.CreateEmployee_03 -->
