<?xml version="1.0" encoding="UTF-8"?>
<!-- Generated by org.testng.reporters.JUnitReportReporter -->
<testsuite hostname="LAPTOP-0GFUST29" failures="0" tests="1" name="testcases.DeleteEmployee_04" time="2.551" errors="0" timestamp="2024-02-18T00:05:35 IST" skipped="0">
  <testcase classname="testcases.DeleteEmployee_04" name="DeleteEmployee" time="2.551"/>
  <system-out/>
</testsuite> <!-- testcases.DeleteEmployee_04 -->
