<?xml version="1.0" encoding="UTF-8"?>
<!-- Generated by org.testng.reporters.JUnitReportReporter -->
<testsuite hostname="LAPTOP-0GFUST29" failures="0" tests="1" name="testcases.TestDeletedEmployee_05" time="2.756" errors="0" timestamp="2024-02-18T00:16:52 IST" skipped="0">
  <testcase classname="testcases.TestDeletedEmployee_05" name="TestDeletedEmployee" time="2.756"/>
  <system-out/>
</testsuite> <!-- testcases.TestDeletedEmployee_05 -->
